This is pdfTeX, Version 3.141592653-2.6-1.40.25 (TeX Live 2023) (preloaded format=pdflatex 2023.11.7)  17 NOV 2023 16:08
entering extended mode
 restricted \write18 enabled.
 %&-line parsing enabled.
**main.tex
(./main.tex
LaTeX2e <2022-11-01> patch level 1
L3 programming layer <2023-02-22>
(/usr/local/texlive/2023/texmf-dist/tex/latex/base/book.cls
Document Class: book 2022/07/02 v1.4n Standard LaTeX document class
(/usr/local/texlive/2023/texmf-dist/tex/latex/base/bk11.clo
File: bk11.clo 2022/07/02 v1.4n Standard LaTeX file (size option)
)
\c@part=\count185
\c@chapter=\count186
\c@section=\count187
\c@subsection=\count188
\c@subsubsection=\count189
\c@paragraph=\count190
\c@subparagraph=\count191
\c@figure=\count192
\c@table=\count193
\abovecaptionskip=\skip48
\belowcaptionskip=\skip49
\bibindent=\dimen140
)
(/usr/local/texlive/2023/texmf-dist/tex/generic/babel/babel.sty
Package: babel 2023/02/13 3.86 The Babel package
\babel@savecnt=\count194
\U@D=\dimen141
\l@unhyphenated=\language87

(/usr/local/texlive/2023/texmf-dist/tex/generic/babel/txtbabel.def)
\bbl@readstream=\read2
\bbl@dirlevel=\count195

(/usr/local/texlive/2023/texmf-dist/tex/generic/babel-english/english.ldf
Language: english 2017/06/06 v3.3r English support from the babel system
Package babel Info: Hyphen rules for 'canadian' set to \l@english
(babel)             (\language0). Reported on input line 102.
Package babel Info: Hyphen rules for 'australian' set to \l@ukenglish
(babel)             (\language21). Reported on input line 105.
Package babel Info: Hyphen rules for 'newzealand' set to \l@ukenglish
(babel)             (\language21). Reported on input line 108.
)
(/usr/local/texlive/2023/texmf-dist/tex/generic/babel-german/german.ldf
Language: german 2021/02/27 v2.13 German support for babel (pre-1996 orthograph
y)

(/usr/local/texlive/2023/texmf-dist/tex/generic/babel-german/germanb.ldf
Language: germanb 2021/02/27 v2.13 German support for babel (pre-1996 orthograp
hy)
Package babel Info: Making " an active character on input line 139.
)))
(/usr/local/texlive/2023/texmf-dist/tex/generic/babel/locale/de/babel-german.te
x
Package babel Info: Importing font and identification data for german
(babel)             from babel-de-1901.ini. Reported on input line 25.
)
(/usr/local/texlive/2023/texmf-dist/tex/generic/babel/locale/en/babel-english.t
ex
Package babel Info: Importing font and identification data for english
(babel)             from babel-en.ini. Reported on input line 11.
) (/usr/local/texlive/2023/texmf-dist/tex/latex/base/inputenc.sty
Package: inputenc 2021/02/14 v1.3d Input encoding file
\inpenc@prehook=\toks16
\inpenc@posthook=\toks17
)
(/usr/local/texlive/2023/texmf-dist/tex/latex/amsmath/amsmath.sty
Package: amsmath 2022/04/08 v2.17n AMS math features
\@mathmargin=\skip50

For additional information on amsmath, use the `?' option.
(/usr/local/texlive/2023/texmf-dist/tex/latex/amsmath/amstext.sty
Package: amstext 2021/08/26 v2.01 AMS text

(/usr/local/texlive/2023/texmf-dist/tex/latex/amsmath/amsgen.sty
File: amsgen.sty 1999/11/30 v2.0 generic functions
\@emptytoks=\toks18
\ex@=\dimen142
))
(/usr/local/texlive/2023/texmf-dist/tex/latex/amsmath/amsbsy.sty
Package: amsbsy 1999/11/29 v1.2d Bold Symbols
\pmbraise@=\dimen143
)
(/usr/local/texlive/2023/texmf-dist/tex/latex/amsmath/amsopn.sty
Package: amsopn 2022/04/08 v2.04 operator names
)
\inf@bad=\count196
LaTeX Info: Redefining \frac on input line 234.
\uproot@=\count197
\leftroot@=\count198
LaTeX Info: Redefining \overline on input line 399.
LaTeX Info: Redefining \colon on input line 410.
\classnum@=\count199
\DOTSCASE@=\count266
LaTeX Info: Redefining \ldots on input line 496.
LaTeX Info: Redefining \dots on input line 499.
LaTeX Info: Redefining \cdots on input line 620.
\Mathstrutbox@=\box51
\strutbox@=\box52
LaTeX Info: Redefining \big on input line 722.
LaTeX Info: Redefining \Big on input line 723.
LaTeX Info: Redefining \bigg on input line 724.
LaTeX Info: Redefining \Bigg on input line 725.
\big@size=\dimen144
LaTeX Font Info:    Redeclaring font encoding OML on input line 743.
LaTeX Font Info:    Redeclaring font encoding OMS on input line 744.
\macc@depth=\count267
LaTeX Info: Redefining \bmod on input line 905.
LaTeX Info: Redefining \pmod on input line 910.
LaTeX Info: Redefining \smash on input line 940.
LaTeX Info: Redefining \relbar on input line 970.
LaTeX Info: Redefining \Relbar on input line 971.
\c@MaxMatrixCols=\count268
\dotsspace@=\muskip16
\c@parentequation=\count269
\dspbrk@lvl=\count270
\tag@help=\toks19
\row@=\count271
\column@=\count272
\maxfields@=\count273
\andhelp@=\toks20
\eqnshift@=\dimen145
\alignsep@=\dimen146
\tagshift@=\dimen147
\tagwidth@=\dimen148
\totwidth@=\dimen149
\lineht@=\dimen150
\@envbody=\toks21
\multlinegap=\skip51
\multlinetaggap=\skip52
\mathdisplay@stack=\toks22
LaTeX Info: Redefining \[ on input line 2953.
LaTeX Info: Redefining \] on input line 2954.
)
(/usr/local/texlive/2023/texmf-dist/tex/latex/amsfonts/amssymb.sty
Package: amssymb 2013/01/14 v3.01 AMS font symbols

(/usr/local/texlive/2023/texmf-dist/tex/latex/amsfonts/amsfonts.sty
Package: amsfonts 2013/01/14 v3.01 Basic AMSFonts support
\symAMSa=\mathgroup4
\symAMSb=\mathgroup5
LaTeX Font Info:    Redeclaring math symbol \hbar on input line 98.
LaTeX Font Info:    Overwriting math alphabet `\mathfrak' in version `bold'
(Font)                  U/euf/m/n --> U/euf/b/n on input line 106.
))
(/usr/local/texlive/2023/texmf-dist/tex/latex/amscls/amsthm.sty
Package: amsthm 2020/05/29 v2.20.6
\thm@style=\toks23
\thm@bodyfont=\toks24
\thm@headfont=\toks25
\thm@notefont=\toks26
\thm@headpunct=\toks27
\thm@preskip=\skip53
\thm@postskip=\skip54
\thm@headsep=\skip55
\dth@everypar=\toks28
)
(/usr/local/texlive/2023/texmf-dist/tex/latex/bbold/bbold.sty
Package: bbold 1994/04/06 Bbold symbol package
LaTeX Font Info:    Redeclaring math alphabet \mathbb on input line 42.
)
(/usr/local/texlive/2023/texmf-dist/tex/latex/xcolor/xcolor.sty
Package: xcolor 2022/06/12 v2.14 LaTeX color extensions (UK)

(/usr/local/texlive/2023/texmf-dist/tex/latex/graphics-cfg/color.cfg
File: color.cfg 2016/01/02 v1.6 sample color configuration
)
Package xcolor Info: Driver file: pdftex.def on input line 227.

(/usr/local/texlive/2023/texmf-dist/tex/latex/graphics-def/pdftex.def
File: pdftex.def 2022/09/22 v1.2b Graphics/color driver for pdftex
)
(/usr/local/texlive/2023/texmf-dist/tex/latex/graphics/mathcolor.ltx)
Package xcolor Info: Model `cmy' substituted by `cmy0' on input line 1353.
Package xcolor Info: Model `hsb' substituted by `rgb' on input line 1357.
Package xcolor Info: Model `RGB' extended on input line 1369.
Package xcolor Info: Model `HTML' substituted by `rgb' on input line 1371.
Package xcolor Info: Model `Hsb' substituted by `hsb' on input line 1372.
Package xcolor Info: Model `tHsb' substituted by `hsb' on input line 1373.
Package xcolor Info: Model `HSB' substituted by `hsb' on input line 1374.
Package xcolor Info: Model `Gray' substituted by `gray' on input line 1375.
Package xcolor Info: Model `wave' substituted by `hsb' on input line 1376.
)
(/usr/local/texlive/2023/texmf-dist/tex/latex/graphics/graphicx.sty
Package: graphicx 2021/09/16 v1.2d Enhanced LaTeX Graphics (DPC,SPQR)

(/usr/local/texlive/2023/texmf-dist/tex/latex/graphics/keyval.sty
Package: keyval 2022/05/29 v1.15 key=value parser (DPC)
\KV@toks@=\toks29
)
(/usr/local/texlive/2023/texmf-dist/tex/latex/graphics/graphics.sty
Package: graphics 2022/03/10 v1.4e Standard LaTeX Graphics (DPC,SPQR)

(/usr/local/texlive/2023/texmf-dist/tex/latex/graphics/trig.sty
Package: trig 2021/08/11 v1.11 sin cos tan (DPC)
)
(/usr/local/texlive/2023/texmf-dist/tex/latex/graphics-cfg/graphics.cfg
File: graphics.cfg 2016/06/04 v1.11 sample graphics configuration
)
Package graphics Info: Driver file: pdftex.def on input line 107.
)
\Gin@req@height=\dimen151
\Gin@req@width=\dimen152
)
(/usr/local/texlive/2023/texmf-dist/tex/latex/hyperref/hyperref.sty
Package: hyperref 2023-02-07 v7.00v Hypertext links for LaTeX

(/usr/local/texlive/2023/texmf-dist/tex/generic/ltxcmds/ltxcmds.sty
Package: ltxcmds 2020-05-10 v1.25 LaTeX kernel commands for general use (HO)
)
(/usr/local/texlive/2023/texmf-dist/tex/generic/iftex/iftex.sty
Package: iftex 2022/02/03 v1.0f TeX engine tests
)
(/usr/local/texlive/2023/texmf-dist/tex/generic/pdftexcmds/pdftexcmds.sty
Package: pdftexcmds 2020-06-27 v0.33 Utility functions of pdfTeX for LuaTeX (HO
)

(/usr/local/texlive/2023/texmf-dist/tex/generic/infwarerr/infwarerr.sty
Package: infwarerr 2019/12/03 v1.5 Providing info/warning/error messages (HO)
)
Package pdftexcmds Info: \pdf@primitive is available.
Package pdftexcmds Info: \pdf@ifprimitive is available.
Package pdftexcmds Info: \pdfdraftmode found.
)
(/usr/local/texlive/2023/texmf-dist/tex/latex/kvsetkeys/kvsetkeys.sty
Package: kvsetkeys 2022-10-05 v1.19 Key value parser (HO)
)
(/usr/local/texlive/2023/texmf-dist/tex/generic/kvdefinekeys/kvdefinekeys.sty
Package: kvdefinekeys 2019-12-19 v1.6 Define keys (HO)
)
(/usr/local/texlive/2023/texmf-dist/tex/generic/pdfescape/pdfescape.sty
Package: pdfescape 2019/12/09 v1.15 Implements pdfTeX's escape features (HO)
)
(/usr/local/texlive/2023/texmf-dist/tex/latex/hycolor/hycolor.sty
Package: hycolor 2020-01-27 v1.10 Color options for hyperref/bookmark (HO)
)
(/usr/local/texlive/2023/texmf-dist/tex/latex/letltxmacro/letltxmacro.sty
Package: letltxmacro 2019/12/03 v1.6 Let assignment for LaTeX macros (HO)
)
(/usr/local/texlive/2023/texmf-dist/tex/latex/auxhook/auxhook.sty
Package: auxhook 2019-12-17 v1.6 Hooks for auxiliary files (HO)
)
(/usr/local/texlive/2023/texmf-dist/tex/latex/hyperref/nameref.sty
Package: nameref 2022-05-17 v2.50 Cross-referencing by name of section

(/usr/local/texlive/2023/texmf-dist/tex/latex/refcount/refcount.sty
Package: refcount 2019/12/15 v3.6 Data extraction from label references (HO)
)
(/usr/local/texlive/2023/texmf-dist/tex/generic/gettitlestring/gettitlestring.s
ty
Package: gettitlestring 2019/12/15 v1.6 Cleanup title references (HO)
 (/usr/local/texlive/2023/texmf-dist/tex/latex/kvoptions/kvoptions.sty
Package: kvoptions 2022-06-15 v3.15 Key value format for package options (HO)
))
\c@section@level=\count274
)
\@linkdim=\dimen153
\Hy@linkcounter=\count275
\Hy@pagecounter=\count276

(/usr/local/texlive/2023/texmf-dist/tex/latex/hyperref/pd1enc.def
File: pd1enc.def 2023-02-07 v7.00v Hyperref: PDFDocEncoding definition (HO)
Now handling font encoding PD1 ...
... no UTF-8 mapping file for font encoding PD1
)
(/usr/local/texlive/2023/texmf-dist/tex/generic/intcalc/intcalc.sty
Package: intcalc 2019/12/15 v1.3 Expandable calculations with integers (HO)
)
(/usr/local/texlive/2023/texmf-dist/tex/generic/etexcmds/etexcmds.sty
Package: etexcmds 2019/12/15 v1.7 Avoid name clashes with e-TeX commands (HO)
)
\Hy@SavedSpaceFactor=\count277

(/usr/local/texlive/2023/texmf-dist/tex/latex/hyperref/puenc.def
File: puenc.def 2023-02-07 v7.00v Hyperref: PDF Unicode definition (HO)
Now handling font encoding PU ...
... no UTF-8 mapping file for font encoding PU
)
Package hyperref Info: Hyper figures OFF on input line 4177.
Package hyperref Info: Link nesting OFF on input line 4182.
Package hyperref Info: Hyper index ON on input line 4185.
Package hyperref Info: Plain pages OFF on input line 4192.
Package hyperref Info: Backreferencing OFF on input line 4197.
Package hyperref Info: Implicit mode ON; LaTeX internals redefined.
Package hyperref Info: Bookmarks ON on input line 4425.
\c@Hy@tempcnt=\count278

(/usr/local/texlive/2023/texmf-dist/tex/latex/url/url.sty
\Urlmuskip=\muskip17
Package: url 2013/09/16  ver 3.4  Verb mode for urls, etc.
)
LaTeX Info: Redefining \url on input line 4763.
\XeTeXLinkMargin=\dimen154

(/usr/local/texlive/2023/texmf-dist/tex/generic/bitset/bitset.sty
Package: bitset 2019/12/09 v1.3 Handle bit-vector datatype (HO)

(/usr/local/texlive/2023/texmf-dist/tex/generic/bigintcalc/bigintcalc.sty
Package: bigintcalc 2019/12/15 v1.5 Expandable calculations on big integers (HO
)
))
\Fld@menulength=\count279
\Field@Width=\dimen155
\Fld@charsize=\dimen156
Package hyperref Info: Hyper figures OFF on input line 6042.
Package hyperref Info: Link nesting OFF on input line 6047.
Package hyperref Info: Hyper index ON on input line 6050.
Package hyperref Info: backreferencing OFF on input line 6057.
Package hyperref Info: Link coloring OFF on input line 6062.
Package hyperref Info: Link coloring with OCG OFF on input line 6067.
Package hyperref Info: PDF/A mode OFF on input line 6072.

(/usr/local/texlive/2023/texmf-dist/tex/latex/base/atbegshi-ltx.sty
Package: atbegshi-ltx 2021/01/10 v1.0c Emulation of the original atbegshi
package with kernel methods
)
\Hy@abspage=\count280
\c@Item=\count281
\c@Hfootnote=\count282
)
Package hyperref Info: Driver (autodetected): hpdftex.

(/usr/local/texlive/2023/texmf-dist/tex/latex/hyperref/hpdftex.def
File: hpdftex.def 2023-02-07 v7.00v Hyperref driver for pdfTeX

(/usr/local/texlive/2023/texmf-dist/tex/latex/base/atveryend-ltx.sty
Package: atveryend-ltx 2020/08/19 v1.0a Emulation of the original atveryend pac
kage
with kernel methods
)
\Fld@listcount=\count283
\c@bookmark@seq@number=\count284

(/usr/local/texlive/2023/texmf-dist/tex/latex/rerunfilecheck/rerunfilecheck.sty
Package: rerunfilecheck 2022-07-10 v1.10 Rerun checks for auxiliary files (HO)

(/usr/local/texlive/2023/texmf-dist/tex/generic/uniquecounter/uniquecounter.sty
Package: uniquecounter 2019/12/15 v1.4 Provide unlimited unique counter (HO)
)
Package uniquecounter Info: New unique counter `rerunfilecheck' on input line 2
85.
)
\Hy@SectionHShift=\skip56
) (/usr/local/texlive/2023/texmf-dist/tex/latex/oberdiek/hypcap.sty
Package: hypcap 2016/05/16 v1.12 Adjusting the anchors of captions (HO)
)
(/usr/local/texlive/2023/texmf-dist/tex/generic/nth/nth.sty
Package: nth 2002/02/27
)
(/usr/local/texlive/2023/texmf-dist/tex/latex/pgf/frontendlayer/tikz.sty
(/usr/local/texlive/2023/texmf-dist/tex/latex/pgf/basiclayer/pgf.sty
(/usr/local/texlive/2023/texmf-dist/tex/latex/pgf/utilities/pgfrcs.sty
(/usr/local/texlive/2023/texmf-dist/tex/generic/pgf/utilities/pgfutil-common.te
x
\pgfutil@everybye=\toks30
\pgfutil@tempdima=\dimen157
\pgfutil@tempdimb=\dimen158
)
(/usr/local/texlive/2023/texmf-dist/tex/generic/pgf/utilities/pgfutil-latex.def
\pgfutil@abb=\box53
) (/usr/local/texlive/2023/texmf-dist/tex/generic/pgf/utilities/pgfrcs.code.tex
(/usr/local/texlive/2023/texmf-dist/tex/generic/pgf/pgf.revision.tex)
Package: pgfrcs 2023-01-15 v3.1.10 (3.1.10)
))
Package: pgf 2023-01-15 v3.1.10 (3.1.10)

(/usr/local/texlive/2023/texmf-dist/tex/latex/pgf/basiclayer/pgfcore.sty
(/usr/local/texlive/2023/texmf-dist/tex/latex/pgf/systemlayer/pgfsys.sty
(/usr/local/texlive/2023/texmf-dist/tex/generic/pgf/systemlayer/pgfsys.code.tex
Package: pgfsys 2023-01-15 v3.1.10 (3.1.10)
(/usr/local/texlive/2023/texmf-dist/tex/generic/pgf/utilities/pgfkeys.code.tex
\pgfkeys@pathtoks=\toks31
\pgfkeys@temptoks=\toks32

(/usr/local/texlive/2023/texmf-dist/tex/generic/pgf/utilities/pgfkeyslibraryfil
tered.code.tex
\pgfkeys@tmptoks=\toks33
))
\pgf@x=\dimen159
\pgf@y=\dimen160
\pgf@xa=\dimen161
\pgf@ya=\dimen162
\pgf@xb=\dimen163
\pgf@yb=\dimen164
\pgf@xc=\dimen165
\pgf@yc=\dimen166
\pgf@xd=\dimen167
\pgf@yd=\dimen168
\w@pgf@writea=\write3
\r@pgf@reada=\read3
\c@pgf@counta=\count285
\c@pgf@countb=\count286
\c@pgf@countc=\count287
\c@pgf@countd=\count288
\t@pgf@toka=\toks34
\t@pgf@tokb=\toks35
\t@pgf@tokc=\toks36
\pgf@sys@id@count=\count289

(/usr/local/texlive/2023/texmf-dist/tex/generic/pgf/systemlayer/pgf.cfg
File: pgf.cfg 2023-01-15 v3.1.10 (3.1.10)
)
Driver file for pgf: pgfsys-pdftex.def

(/usr/local/texlive/2023/texmf-dist/tex/generic/pgf/systemlayer/pgfsys-pdftex.d
ef
File: pgfsys-pdftex.def 2023-01-15 v3.1.10 (3.1.10)

(/usr/local/texlive/2023/texmf-dist/tex/generic/pgf/systemlayer/pgfsys-common-p
df.def
File: pgfsys-common-pdf.def 2023-01-15 v3.1.10 (3.1.10)
)))
(/usr/local/texlive/2023/texmf-dist/tex/generic/pgf/systemlayer/pgfsyssoftpath.
code.tex
File: pgfsyssoftpath.code.tex 2023-01-15 v3.1.10 (3.1.10)
\pgfsyssoftpath@smallbuffer@items=\count290
\pgfsyssoftpath@bigbuffer@items=\count291
)
(/usr/local/texlive/2023/texmf-dist/tex/generic/pgf/systemlayer/pgfsysprotocol.
code.tex
File: pgfsysprotocol.code.tex 2023-01-15 v3.1.10 (3.1.10)
))
(/usr/local/texlive/2023/texmf-dist/tex/generic/pgf/basiclayer/pgfcore.code.tex
Package: pgfcore 2023-01-15 v3.1.10 (3.1.10)
(/usr/local/texlive/2023/texmf-dist/tex/generic/pgf/math/pgfmath.code.tex
(/usr/local/texlive/2023/texmf-dist/tex/generic/pgf/math/pgfmathutil.code.tex)
(/usr/local/texlive/2023/texmf-dist/tex/generic/pgf/math/pgfmathparser.code.tex
\pgfmath@dimen=\dimen169
\pgfmath@count=\count292
\pgfmath@box=\box54
\pgfmath@toks=\toks37
\pgfmath@stack@operand=\toks38
\pgfmath@stack@operation=\toks39
)
(/usr/local/texlive/2023/texmf-dist/tex/generic/pgf/math/pgfmathfunctions.code.
tex)
(/usr/local/texlive/2023/texmf-dist/tex/generic/pgf/math/pgfmathfunctions.basic
.code.tex)
(/usr/local/texlive/2023/texmf-dist/tex/generic/pgf/math/pgfmathfunctions.trigo
nometric.code.tex)
(/usr/local/texlive/2023/texmf-dist/tex/generic/pgf/math/pgfmathfunctions.rando
m.code.tex)
(/usr/local/texlive/2023/texmf-dist/tex/generic/pgf/math/pgfmathfunctions.compa
rison.code.tex)
(/usr/local/texlive/2023/texmf-dist/tex/generic/pgf/math/pgfmathfunctions.base.
code.tex)
(/usr/local/texlive/2023/texmf-dist/tex/generic/pgf/math/pgfmathfunctions.round
.code.tex)
(/usr/local/texlive/2023/texmf-dist/tex/generic/pgf/math/pgfmathfunctions.misc.
code.tex)
(/usr/local/texlive/2023/texmf-dist/tex/generic/pgf/math/pgfmathfunctions.integ
erarithmetics.code.tex)
(/usr/local/texlive/2023/texmf-dist/tex/generic/pgf/math/pgfmathcalc.code.tex)
(/usr/local/texlive/2023/texmf-dist/tex/generic/pgf/math/pgfmathfloat.code.tex
\c@pgfmathroundto@lastzeros=\count293
)) (/usr/local/texlive/2023/texmf-dist/tex/generic/pgf/math/pgfint.code.tex)
(/usr/local/texlive/2023/texmf-dist/tex/generic/pgf/basiclayer/pgfcorepoints.co
de.tex
File: pgfcorepoints.code.tex 2023-01-15 v3.1.10 (3.1.10)
\pgf@picminx=\dimen170
\pgf@picmaxx=\dimen171
\pgf@picminy=\dimen172
\pgf@picmaxy=\dimen173
\pgf@pathminx=\dimen174
\pgf@pathmaxx=\dimen175
\pgf@pathminy=\dimen176
\pgf@pathmaxy=\dimen177
\pgf@xx=\dimen178
\pgf@xy=\dimen179
\pgf@yx=\dimen180
\pgf@yy=\dimen181
\pgf@zx=\dimen182
\pgf@zy=\dimen183
)
(/usr/local/texlive/2023/texmf-dist/tex/generic/pgf/basiclayer/pgfcorepathconst
ruct.code.tex
File: pgfcorepathconstruct.code.tex 2023-01-15 v3.1.10 (3.1.10)
\pgf@path@lastx=\dimen184
\pgf@path@lasty=\dimen185
)
(/usr/local/texlive/2023/texmf-dist/tex/generic/pgf/basiclayer/pgfcorepathusage
.code.tex
File: pgfcorepathusage.code.tex 2023-01-15 v3.1.10 (3.1.10)
\pgf@shorten@end@additional=\dimen186
\pgf@shorten@start@additional=\dimen187
)
(/usr/local/texlive/2023/texmf-dist/tex/generic/pgf/basiclayer/pgfcorescopes.co
de.tex
File: pgfcorescopes.code.tex 2023-01-15 v3.1.10 (3.1.10)
\pgfpic=\box55
\pgf@hbox=\box56
\pgf@layerbox@main=\box57
\pgf@picture@serial@count=\count294
)
(/usr/local/texlive/2023/texmf-dist/tex/generic/pgf/basiclayer/pgfcoregraphicst
ate.code.tex
File: pgfcoregraphicstate.code.tex 2023-01-15 v3.1.10 (3.1.10)
\pgflinewidth=\dimen188
)
(/usr/local/texlive/2023/texmf-dist/tex/generic/pgf/basiclayer/pgfcoretransform
ations.code.tex
File: pgfcoretransformations.code.tex 2023-01-15 v3.1.10 (3.1.10)
\pgf@pt@x=\dimen189
\pgf@pt@y=\dimen190
\pgf@pt@temp=\dimen191
)
(/usr/local/texlive/2023/texmf-dist/tex/generic/pgf/basiclayer/pgfcorequick.cod
e.tex
File: pgfcorequick.code.tex 2023-01-15 v3.1.10 (3.1.10)
)
(/usr/local/texlive/2023/texmf-dist/tex/generic/pgf/basiclayer/pgfcoreobjects.c
ode.tex
File: pgfcoreobjects.code.tex 2023-01-15 v3.1.10 (3.1.10)
)
(/usr/local/texlive/2023/texmf-dist/tex/generic/pgf/basiclayer/pgfcorepathproce
ssing.code.tex
File: pgfcorepathprocessing.code.tex 2023-01-15 v3.1.10 (3.1.10)
)
(/usr/local/texlive/2023/texmf-dist/tex/generic/pgf/basiclayer/pgfcorearrows.co
de.tex
File: pgfcorearrows.code.tex 2023-01-15 v3.1.10 (3.1.10)
\pgfarrowsep=\dimen192
)
(/usr/local/texlive/2023/texmf-dist/tex/generic/pgf/basiclayer/pgfcoreshade.cod
e.tex
File: pgfcoreshade.code.tex 2023-01-15 v3.1.10 (3.1.10)
\pgf@max=\dimen193
\pgf@sys@shading@range@num=\count295
\pgf@shadingcount=\count296
)
(/usr/local/texlive/2023/texmf-dist/tex/generic/pgf/basiclayer/pgfcoreimage.cod
e.tex
File: pgfcoreimage.code.tex 2023-01-15 v3.1.10 (3.1.10)
)
(/usr/local/texlive/2023/texmf-dist/tex/generic/pgf/basiclayer/pgfcoreexternal.
code.tex
File: pgfcoreexternal.code.tex 2023-01-15 v3.1.10 (3.1.10)
\pgfexternal@startupbox=\box58
)
(/usr/local/texlive/2023/texmf-dist/tex/generic/pgf/basiclayer/pgfcorelayers.co
de.tex
File: pgfcorelayers.code.tex 2023-01-15 v3.1.10 (3.1.10)
)
(/usr/local/texlive/2023/texmf-dist/tex/generic/pgf/basiclayer/pgfcoretranspare
ncy.code.tex
File: pgfcoretransparency.code.tex 2023-01-15 v3.1.10 (3.1.10)
)
(/usr/local/texlive/2023/texmf-dist/tex/generic/pgf/basiclayer/pgfcorepatterns.
code.tex
File: pgfcorepatterns.code.tex 2023-01-15 v3.1.10 (3.1.10)
)
(/usr/local/texlive/2023/texmf-dist/tex/generic/pgf/basiclayer/pgfcorerdf.code.
tex
File: pgfcorerdf.code.tex 2023-01-15 v3.1.10 (3.1.10)
)))
(/usr/local/texlive/2023/texmf-dist/tex/generic/pgf/modules/pgfmoduleshapes.cod
e.tex
File: pgfmoduleshapes.code.tex 2023-01-15 v3.1.10 (3.1.10)
\pgfnodeparttextbox=\box59
)
(/usr/local/texlive/2023/texmf-dist/tex/generic/pgf/modules/pgfmoduleplot.code.
tex
File: pgfmoduleplot.code.tex 2023-01-15 v3.1.10 (3.1.10)
)
(/usr/local/texlive/2023/texmf-dist/tex/latex/pgf/compatibility/pgfcomp-version
-0-65.sty
Package: pgfcomp-version-0-65 2023-01-15 v3.1.10 (3.1.10)
\pgf@nodesepstart=\dimen194
\pgf@nodesepend=\dimen195
)
(/usr/local/texlive/2023/texmf-dist/tex/latex/pgf/compatibility/pgfcomp-version
-1-18.sty
Package: pgfcomp-version-1-18 2023-01-15 v3.1.10 (3.1.10)
))
(/usr/local/texlive/2023/texmf-dist/tex/latex/pgf/utilities/pgffor.sty
(/usr/local/texlive/2023/texmf-dist/tex/latex/pgf/utilities/pgfkeys.sty
(/usr/local/texlive/2023/texmf-dist/tex/generic/pgf/utilities/pgfkeys.code.tex)
) (/usr/local/texlive/2023/texmf-dist/tex/latex/pgf/math/pgfmath.sty
(/usr/local/texlive/2023/texmf-dist/tex/generic/pgf/math/pgfmath.code.tex))
(/usr/local/texlive/2023/texmf-dist/tex/generic/pgf/utilities/pgffor.code.tex
Package: pgffor 2023-01-15 v3.1.10 (3.1.10)
\pgffor@iter=\dimen196
\pgffor@skip=\dimen197
\pgffor@stack=\toks40
\pgffor@toks=\toks41
))
(/usr/local/texlive/2023/texmf-dist/tex/generic/pgf/frontendlayer/tikz/tikz.cod
e.tex
Package: tikz 2023-01-15 v3.1.10 (3.1.10)

(/usr/local/texlive/2023/texmf-dist/tex/generic/pgf/libraries/pgflibraryplothan
dlers.code.tex
File: pgflibraryplothandlers.code.tex 2023-01-15 v3.1.10 (3.1.10)
\pgf@plot@mark@count=\count297
\pgfplotmarksize=\dimen198
)
\tikz@lastx=\dimen199
\tikz@lasty=\dimen256
\tikz@lastxsaved=\dimen257
\tikz@lastysaved=\dimen258
\tikz@lastmovetox=\dimen259
\tikz@lastmovetoy=\dimen260
\tikzleveldistance=\dimen261
\tikzsiblingdistance=\dimen262
\tikz@figbox=\box60
\tikz@figbox@bg=\box61
\tikz@tempbox=\box62
\tikz@tempbox@bg=\box63
\tikztreelevel=\count298
\tikznumberofchildren=\count299
\tikznumberofcurrentchild=\count300
\tikz@fig@count=\count301

(/usr/local/texlive/2023/texmf-dist/tex/generic/pgf/modules/pgfmodulematrix.cod
e.tex
File: pgfmodulematrix.code.tex 2023-01-15 v3.1.10 (3.1.10)
\pgfmatrixcurrentrow=\count302
\pgfmatrixcurrentcolumn=\count303
\pgf@matrix@numberofcolumns=\count304
)
\tikz@expandcount=\count305

(/usr/local/texlive/2023/texmf-dist/tex/generic/pgf/frontendlayer/tikz/librarie
s/tikzlibrarytopaths.code.tex
File: tikzlibrarytopaths.code.tex 2023-01-15 v3.1.10 (3.1.10)
)))
(/usr/local/texlive/2023/texmf-dist/tex/latex/siunitx/siunitx.sty
Package: siunitx 2023-03-04 v3.2.2 A comprehensive (SI) units package
\l__siunitx_angle_tmp_dim=\dimen263
\l__siunitx_angle_marker_box=\box64
\l__siunitx_angle_unit_box=\box65
\l__siunitx_compound_count_int=\count306

(/usr/local/texlive/2023/texmf-dist/tex/latex/translations/translations.sty
Package: translations 2022/02/05 v1.12 internationalization of LaTeX2e packages
 (CN)

(/usr/local/texlive/2023/texmf-dist/tex/latex/etoolbox/etoolbox.sty
Package: etoolbox 2020/10/05 v2.5k e-TeX tools for LaTeX (JAW)
\etb@tempcnta=\count307
))
\l__siunitx_number_exponent_fixed_int=\count308
\l__siunitx_number_min_decimal_int=\count309
\l__siunitx_number_min_integer_int=\count310
\l__siunitx_number_round_precision_int=\count311
\l__siunitx_number_lower_threshold_int=\count312
\l__siunitx_number_upper_threshold_int=\count313
\l__siunitx_number_group_first_int=\count314
\l__siunitx_number_group_size_int=\count315
\l__siunitx_number_group_minimum_int=\count316
\l__siunitx_table_tmp_box=\box66
\l__siunitx_table_tmp_dim=\dimen264
\l__siunitx_table_column_width_dim=\dimen265
\l__siunitx_table_integer_box=\box67
\l__siunitx_table_decimal_box=\box68
\l__siunitx_table_uncert_box=\box69
\l__siunitx_table_before_box=\box70
\l__siunitx_table_after_box=\box71
\l__siunitx_table_before_dim=\dimen266
\l__siunitx_table_carry_dim=\dimen267
\l__siunitx_unit_tmp_int=\count317
\l__siunitx_unit_position_int=\count318
\l__siunitx_unit_total_int=\count319

(/usr/local/texlive/2023/texmf-dist/tex/latex/tools/array.sty
Package: array 2022/09/04 v2.5g Tabular extension package (FMi)
\col@sep=\dimen268
\ar@mcellbox=\box72
\extrarowheight=\dimen269
\NC@list=\toks42
\extratabsurround=\skip57
\backup@length=\skip58
\ar@cellbox=\box73
))
(/usr/local/texlive/2023/texmf-dist/tex/latex/tikz-cd/tikz-cd.sty
Package: tikz-cd 2021/05/04 v1.0 Commutative diagrams with TikZ

(/usr/local/texlive/2023/texmf-dist/tex/generic/tikz-cd/tikzlibrarycd.code.tex
(/usr/local/texlive/2023/texmf-dist/tex/generic/pgf/frontendlayer/tikz/librarie
s/tikzlibrarymatrix.code.tex
File: tikzlibrarymatrix.code.tex 2023-01-15 v3.1.10 (3.1.10)
)
(/usr/local/texlive/2023/texmf-dist/tex/generic/pgf/frontendlayer/tikz/librarie
s/tikzlibraryquotes.code.tex
File: tikzlibraryquotes.code.tex 2023-01-15 v3.1.10 (3.1.10)
)
(/usr/local/texlive/2023/texmf-dist/tex/generic/pgf/libraries/pgflibraryarrows.
meta.code.tex
File: pgflibraryarrows.meta.code.tex 2023-01-15 v3.1.10 (3.1.10)
\pgfarrowinset=\dimen270
\pgfarrowlength=\dimen271
\pgfarrowwidth=\dimen272
\pgfarrowlinewidth=\dimen273
))) (/usr/local/texlive/2023/texmf-dist/tex/latex/base/fontenc.sty
Package: fontenc 2021/04/29 v2.0v Standard LaTeX package
)
(/usr/local/texlive/2023/texmf-dist/tex/generic/pgf/frontendlayer/tikz/librarie
s/tikzlibrarypositioning.code.tex
File: tikzlibrarypositioning.code.tex 2023-01-15 v3.1.10 (3.1.10)
)
(/usr/local/texlive/2023/texmf-dist/tex/generic/pgf/frontendlayer/tikz/librarie
s/tikzlibrarycalc.code.tex
File: tikzlibrarycalc.code.tex 2023-01-15 v3.1.10 (3.1.10)
)
(/usr/local/texlive/2023/texmf-dist/tex/generic/pgf/frontendlayer/tikz/librarie
s/tikzlibraryspy.code.tex
File: tikzlibraryspy.code.tex 2023-01-15 v3.1.10 (3.1.10)
\tikz@lib@spybox=\box74
)
(/usr/local/texlive/2023/texmf-dist/tex/latex/mathtools/mathtools.sty
Package: mathtools 2022/06/29 v1.29 mathematical typesetting tools

(/usr/local/texlive/2023/texmf-dist/tex/latex/tools/calc.sty
Package: calc 2017/05/25 v4.3 Infix arithmetic (KKT,FJ)
\calc@Acount=\count320
\calc@Bcount=\count321
\calc@Adimen=\dimen274
\calc@Bdimen=\dimen275
\calc@Askip=\skip59
\calc@Bskip=\skip60
LaTeX Info: Redefining \setlength on input line 80.
LaTeX Info: Redefining \addtolength on input line 81.
\calc@Ccount=\count322
\calc@Cskip=\skip61
)
(/usr/local/texlive/2023/texmf-dist/tex/latex/mathtools/mhsetup.sty
Package: mhsetup 2021/03/18 v1.4 programming setup (MH)
)
\g_MT_multlinerow_int=\count323
\l_MT_multwidth_dim=\dimen276
\origjot=\skip62
\l_MT_shortvdotswithinadjustabove_dim=\dimen277
\l_MT_shortvdotswithinadjustbelow_dim=\dimen278
\l_MT_above_intertext_sep=\dimen279
\l_MT_below_intertext_sep=\dimen280
\l_MT_above_shortintertext_sep=\dimen281
\l_MT_below_shortintertext_sep=\dimen282
\xmathstrut@box=\box75
\xmathstrut@dim=\dimen283
)
(/usr/local/texlive/2023/texmf-dist/tex/latex/koma-script/typearea.sty
Package: typearea 2022/10/12 v3.38 KOMA-Script package (type area)

(/usr/local/texlive/2023/texmf-dist/tex/latex/koma-script/scrkbase.sty
Package: scrkbase 2022/10/12 v3.38 KOMA-Script package (KOMA-Script-dependent b
asics and keyval usage)

(/usr/local/texlive/2023/texmf-dist/tex/latex/koma-script/scrbase.sty
Package: scrbase 2022/10/12 v3.38 KOMA-Script package (KOMA-Script-independent
basics and keyval usage)

(/usr/local/texlive/2023/texmf-dist/tex/latex/koma-script/scrlfile.sty
Package: scrlfile 2022/10/12 v3.38 KOMA-Script package (file load hooks)

(/usr/local/texlive/2023/texmf-dist/tex/latex/koma-script/scrlfile-hook.sty
Package: scrlfile-hook 2022/10/12 v3.38 KOMA-Script package (using LaTeX hooks)


(/usr/local/texlive/2023/texmf-dist/tex/latex/koma-script/scrlogo.sty
Package: scrlogo 2022/10/12 v3.38 KOMA-Script package (logo)
)))
Applying: [2021/05/01] Usage of raw or classic option list on input line 252.
Already applied: [0000/00/00] Usage of raw or classic option list on input line
 368.
))
\ta@bcor=\skip63
\ta@div=\count324
Package typearea Info: You've used standard option `a4paper'.
(typearea)             This is correct!
(typearea)             Internally I'm using `paper=a4'.
(typearea)             If you'd like to set the option with \KOMAoptions,
(typearea)             you'd have to use `paper=a4' there
(typearea)             instead of `a4paper', too.
\ta@hblk=\skip64
\ta@vblk=\skip65
\ta@temp=\skip66
\footheight=\skip67
Package typearea Info: These are the values describing the layout:
(typearea)             DIV  = 10
(typearea)             BCOR = 0.0pt
(typearea)             \paperwidth      = 597.50793pt
(typearea)              \textwidth      = 418.25555pt
(typearea)              DIV departure   = -6%
(typearea)              \evensidemargin = 47.2316pt
(typearea)              \oddsidemargin  = -12.5192pt
(typearea)             \paperheight     = 845.04694pt
(typearea)              \textheight     = 595.80026pt
(typearea)              \topmargin      = -25.16531pt
(typearea)              \headheight     = 17.0pt
(typearea)              \headsep        = 20.40001pt
(typearea)              \topskip        = 11.0pt
(typearea)              \footskip       = 47.6pt
(typearea)              \baselineskip   = 13.6pt
(typearea)              on input line 1767.
)
(/usr/local/texlive/2023/texmf-dist/tex/latex/geometry/geometry.sty
Package: geometry 2020/01/02 v5.9 Page Geometry

(/usr/local/texlive/2023/texmf-dist/tex/generic/iftex/ifvtex.sty
Package: ifvtex 2019/10/25 v1.7 ifvtex legacy package. Use iftex instead.
)
\Gm@cnth=\count325
\Gm@cntv=\count326
\c@Gm@tempcnt=\count327
\Gm@bindingoffset=\dimen284
\Gm@wd@mp=\dimen285
\Gm@odd@mp=\dimen286
\Gm@even@mp=\dimen287
\Gm@layoutwidth=\dimen288
\Gm@layoutheight=\dimen289
\Gm@layouthoffset=\dimen290
\Gm@layoutvoffset=\dimen291
\Gm@dimlist=\toks43
)
(/usr/local/texlive/2023/texmf-dist/tex/latex/algorithms/algorithm.sty
Package: algorithm 2009/08/24 v0.1 Document Style `algorithm' - floating enviro
nment

(/usr/local/texlive/2023/texmf-dist/tex/latex/float/float.sty
Package: float 2001/11/08 v1.3d Float enhancements (AL)
\c@float@type=\count328
\float@exts=\toks44
\float@box=\box76
\@float@everytoks=\toks45
\@floatcapt=\box77
)
(/usr/local/texlive/2023/texmf-dist/tex/latex/base/ifthen.sty
Package: ifthen 2022/04/13 v1.1d Standard LaTeX ifthen package (DPC)
)
\@float@every@algorithm=\toks46
\c@algorithm=\count329
)
(/usr/local/texlive/2023/texmf-dist/tex/latex/algorithmicx/algpseudocode.sty
Package: algpseudocode

(/usr/local/texlive/2023/texmf-dist/tex/latex/algorithmicx/algorithmicx.sty
Package: algorithmicx 2005/04/27 v1.2 Algorithmicx

Document Style algorithmicx 1.2 - a greatly improved `algorithmic' style
\c@ALG@line=\count330
\c@ALG@rem=\count331
\c@ALG@nested=\count332
\ALG@tlm=\skip68
\ALG@thistlm=\skip69
\c@ALG@Lnr=\count333
\c@ALG@blocknr=\count334
\c@ALG@storecount=\count335
\c@ALG@tmpcounter=\count336
\ALG@tmplength=\skip70
)
Document Style - pseudocode environments for use with the `algorithmicx' style
) (/usr/local/texlive/2023/texmf-dist/tex/latex/caption/caption.sty
Package: caption 2023/03/12 v3.6j Customizing captions (AR)

(/usr/local/texlive/2023/texmf-dist/tex/latex/caption/caption3.sty
Package: caption3 2023/03/12 v2.4 caption3 kernel (AR)
\caption@tempdima=\dimen292
\captionmargin=\dimen293
\caption@leftmargin=\dimen294
\caption@rightmargin=\dimen295
\caption@width=\dimen296
\caption@indent=\dimen297
\caption@parindent=\dimen298
\caption@hangindent=\dimen299
Package caption Info: Standard document class detected.
)
\c@caption@flags=\count337
\c@continuedfloat=\count338
Package caption Info: float package is loaded.
Package caption Info: hyperref package is loaded.
Package caption Info: hypcap package is loaded.
)
(/usr/local/texlive/2023/texmf-dist/tex/latex/koma-script/scrlayer-scrpage.sty
Package: scrlayer-scrpage 2022/10/12 v3.38 KOMA-Script package (end user interf
ace for scrlayer)

(/usr/local/texlive/2023/texmf-dist/tex/latex/koma-script/scrlayer.sty
Package: scrlayer 2022/10/12 v3.38 KOMA-Script package (defining layers and pag
e styles)
Package scrlayer Info: patching LaTeX kernel macro \pagestyle on input line 217
6.
))
1: section
1: chapter
1: chapter
1: section
(/usr/local/texlive/2023/texmf-dist/tex/latex/subfig/subfig.sty
Package: subfig 2005/06/28 ver: 1.3 subfig package
\c@KVtest=\count339
\sf@farskip=\skip71
\sf@captopadj=\dimen300
\sf@capskip=\skip72
\sf@nearskip=\skip73
\c@subfigure=\count340
\c@subfigure@save=\count341
\c@lofdepth=\count342
\c@subtable=\count343
\c@subtable@save=\count344
\c@lotdepth=\count345
\sf@top=\skip74
\sf@bottom=\skip75
)
\c@theorem=\count346

(/usr/local/texlive/2023/texmf-dist/tex/latex/l3backend/l3backend-pdftex.def
File: l3backend-pdftex.def 2023-01-16 L3 backend support: PDF output (pdfTeX)
\l__color_backend_stack_int=\count347
\l__pdf_internal_box=\box78
)
(./main.aux (./preliminary.aux) (./autoencoders.aux) (./vae.aux))
\openout1 = `main.aux'.

LaTeX Font Info:    Checking defaults for OML/cmm/m/it on input line 117.
LaTeX Font Info:    ... okay on input line 117.
LaTeX Font Info:    Checking defaults for OMS/cmsy/m/n on input line 117.
LaTeX Font Info:    ... okay on input line 117.
LaTeX Font Info:    Checking defaults for OT1/cmr/m/n on input line 117.
LaTeX Font Info:    ... okay on input line 117.
LaTeX Font Info:    Checking defaults for T1/cmr/m/n on input line 117.
LaTeX Font Info:    ... okay on input line 117.
LaTeX Font Info:    Checking defaults for TS1/cmr/m/n on input line 117.
LaTeX Font Info:    ... okay on input line 117.
LaTeX Font Info:    Checking defaults for OMX/cmex/m/n on input line 117.
LaTeX Font Info:    ... okay on input line 117.
LaTeX Font Info:    Checking defaults for U/cmr/m/n on input line 117.
LaTeX Font Info:    ... okay on input line 117.
LaTeX Font Info:    Checking defaults for PD1/pdf/m/n on input line 117.
LaTeX Font Info:    ... okay on input line 117.
LaTeX Font Info:    Checking defaults for PU/pdf/m/n on input line 117.
LaTeX Font Info:    ... okay on input line 117.

(/usr/local/texlive/2023/texmf-dist/tex/context/base/mkii/supp-pdf.mkii
[Loading MPS to PDF converter (version 2006.09.02).]
\scratchcounter=\count348
\scratchdimen=\dimen301
\scratchbox=\box79
\nofMPsegments=\count349
\nofMParguments=\count350
\everyMPshowfont=\toks47
\MPscratchCnt=\count351
\MPscratchDim=\dimen302
\MPnumerator=\count352
\makeMPintoPDFobject=\count353
\everyMPtoPDFconversion=\toks48
) (/usr/local/texlive/2023/texmf-dist/tex/latex/epstopdf-pkg/epstopdf-base.sty
Package: epstopdf-base 2020-01-24 v2.11 Base part for package epstopdf

(/usr/local/texlive/2023/texmf-dist/tex/latex/grfext/grfext.sty
Package: grfext 2019/12/03 v1.3 Manage graphics extensions (HO)
)
Package epstopdf-base Info: Redefining graphics rule for `.eps' on input line 4
85.
Package grfext Info: Graphics extension search list:
(grfext)             [.pdf,.png,.jpg,.mps,.jpeg,.jbig2,.jb2,.PDF,.PNG,.JPG,.JPE
G,.JBIG2,.JB2,.eps]
(grfext)             \AppendGraphicsExtensions on input line 504.

(/usr/local/texlive/2023/texmf-dist/tex/latex/latexconfig/epstopdf-sys.cfg
File: epstopdf-sys.cfg 2010/07/13 v1.3 Configuration of (r)epstopdf for TeX Liv
e
))
Package hyperref Info: Link coloring OFF on input line 117.

(./main.out) (./main.out)
\@outlinefile=\write4
\openout4 = `main.out'.


(/usr/local/texlive/2023/texmf-dist/tex/latex/translations/translations-basic-d
ictionary-german.trsl
File: translations-basic-dictionary-german.trsl (german translation file `trans
lations-basic-dictionary')
)
Package translations Info: loading dictionary `translations-basic-dictionary' f
or `german'. on input line 117.

(/usr/local/texlive/2023/texmf-dist/tex/latex/translations/translations-basic-d
ictionary-english.trsl
File: translations-basic-dictionary-english.trsl (english translation file `tra
nslations-basic-dictionary')
)
Package translations Info: loading dictionary `translations-basic-dictionary' f
or `english'. on input line 117.

*geometry* driver: auto-detecting
*geometry* detected driver: pdftex
*geometry* verbose mode - [ preamble ] result:
* driver: pdftex
* paper: a4paper
* layout: <same size as paper>
* layoutoffset:(h,v)=(0.0pt,0.0pt)
* modes: includehead twoside
* h-part:(L,W,R)=(56.9055pt, 483.69687pt, 56.9055pt)
* v-part:(T,H,B)=(56.9055pt, 717.00946pt, 71.13188pt)
* \paperwidth=597.50787pt
* \paperheight=845.04684pt
* \textwidth=483.69687pt
* \textheight=679.60945pt
* \oddsidemargin=-15.36449pt
* \evensidemargin=-15.36449pt
* \topmargin=-15.36449pt
* \headheight=17.0pt
* \headsep=20.40001pt
* \topskip=11.0pt
* \footskip=47.6pt
* \marginparwidth=89.62619pt
* \marginparsep=12.8401pt
* \columnsep=10.0pt
* \skip\footins=10.0pt plus 4.0pt minus 2.0pt
* \hoffset=0.0pt
* \voffset=0.0pt
* \mag=1000
* \@twocolumnfalse
* \@twosidetrue
* \@mparswitchtrue
* \@reversemarginfalse
* (1in=72.27pt=25.4mm, 1cm=28.453pt)

Package caption Info: Begin \AtBeginDocument code.
Package caption Info: subfig package v1.3 is loaded.
Package caption Info: End \AtBeginDocument code.
[1


{/usr/local/texlive/2023/texmf-var/fonts/map/pdftex/updmap/pdftex.map}]
LaTeX Font Info:    Trying to load font information for U+msa on input line 150
.

(/usr/local/texlive/2023/texmf-dist/tex/latex/amsfonts/umsa.fd
File: umsa.fd 2013/01/14 v3.01 AMS symbols A
)
LaTeX Font Info:    Trying to load font information for U+msb on input line 150
.

(/usr/local/texlive/2023/texmf-dist/tex/latex/amsfonts/umsb.fd
File: umsb.fd 2013/01/14 v3.01 AMS symbols B
) [2

] (./main.toc)
\tf@toc=\write5
\openout5 = `main.toc'.

 [3] [4]
\openout2 = `preliminary.aux'.

 (./preliminary.tex
Chapter 1.
LaTeX Font Info:    Trying to load font information for U+bbold on input line 7
.
(/usr/local/texlive/2023/texmf-dist/tex/latex/bbold/Ubbold.fd) [5


] [6] [7]
[8] [9]
<neural_net.jpg, id=188, 923.45pt x 549.05125pt>
File: neural_net.jpg Graphic file (type jpg)
<use neural_net.jpg>
Package pdftex.def Info: neural_net.jpg  used on input line 234.
(pdftex.def)             Requested size: 435.32422pt x 258.82487pt.
 [10 <./neural_net.jpg>] [11] [12] [13] [14] [15] [16] [17] [18]
[19] [20] [21] [22] [23] [24] [25] [26]
Package hyperref Info: bookmark level for unknown algorithm defaults to 0 on in
put line 924.
 [27] [28] [29] [30] [31]
Underfull \vbox (badness 5681) has occurred while \output is active []

 [32]
[33] [34] [35]
Underfull \vbox (badness 4940) has occurred while \output is active []

 [36]
[37] [38] [39] [40] [41]) [42]
\openout2 = `autoencoders.aux'.

 (./autoencoders.tex
Chapter 2.
<autoencoder.jpg, id=572, 996.72375pt x 435.6275pt>
File: autoencoder.jpg Graphic file (type jpg)
<use autoencoder.jpg>
Package pdftex.def Info: autoencoder.jpg  used on input line 14.
(pdftex.def)             Requested size: 435.32422pt x 190.26085pt.
[43




]
<encoder.jpg, id=582, 740.7675pt x 534.99875pt>
File: encoder.jpg Graphic file (type jpg)
<use encoder.jpg>
Package pdftex.def Info: encoder.jpg  used on input line 32.
(pdftex.def)             Requested size: 338.58632pt x 244.53503pt.
<decoder.jpg, id=585, 734.745pt x 527.9725pt>
File: decoder.jpg Graphic file (type jpg)
<use decoder.jpg>
Package pdftex.def Info: decoder.jpg  used on input line 51.
(pdftex.def)             Requested size: 338.58632pt x 243.30533pt.
 [44 <./autoencoder.jpg>] [45 <./encoder.jpg> <./decoder.jpg>] [46]
[47] [48]
<linear_AE_2d_adam_latent.png, id=638, 505.89pt x 361.35pt>
File: linear_AE_2d_adam_latent.png Graphic file (type png)
<use linear_AE_2d_adam_latent.png>
Package pdftex.def Info: linear_AE_2d_adam_latent.png  used on input line 236.
(pdftex.def)             Requested size: 237.01411pt x 179.6069pt.
<linear_AE_2d_adam_reconstruction.png, id=641, 505.89pt x 361.35pt>
File: linear_AE_2d_adam_reconstruction.png Graphic file (type png)
<use linear_AE_2d_adam_reconstruction.png>
Package pdftex.def Info: linear_AE_2d_adam_reconstruction.png  used on input li
ne 239.
(pdftex.def)             Requested size: 237.01411pt x 179.6069pt.
<linear_AE_2d_amsgrad_latent.png, id=643, 505.89pt x 361.35pt>
File: linear_AE_2d_amsgrad_latent.png Graphic file (type png)
<use linear_AE_2d_amsgrad_latent.png>
Package pdftex.def Info: linear_AE_2d_amsgrad_latent.png  used on input line 24
9.
(pdftex.def)             Requested size: 237.01411pt x 179.6069pt.
<linear_AE_2d_amsgrad_reconstruction.png, id=645, 505.89pt x 361.35pt>
File: linear_AE_2d_amsgrad_reconstruction.png Graphic file (type png)
<use linear_AE_2d_amsgrad_reconstruction.png>
Package pdftex.def Info: linear_AE_2d_amsgrad_reconstruction.png  used on input
 line 252.
(pdftex.def)             Requested size: 237.01411pt x 179.6069pt.
<linear_AE_2d_adam_inference.png, id=653, 1011.78pt x 505.89pt>
File: linear_AE_2d_adam_inference.png Graphic file (type png)
<use linear_AE_2d_adam_inference.png>
Package pdftex.def Info: linear_AE_2d_adam_inference.png  used on input line 26
5.
(pdftex.def)             Requested size: 483.69687pt x 226.99101pt.
<linear_AE_2d_amsgrad_inference.png, id=655, 1011.78pt x 505.89pt>
File: linear_AE_2d_amsgrad_inference.png Graphic file (type png)
<use linear_AE_2d_amsgrad_inference.png>
Package pdftex.def Info: linear_AE_2d_amsgrad_inference.png  used on input line
 275.
(pdftex.def)             Requested size: 483.69687pt x 226.99101pt.
 [49] [50 <./linear_AE_2d_adam_latent.png> <./linear_AE_2d_adam_reconstruction.
png> <./linear_AE_2d_amsgrad_latent.png> <./linear_AE_2d_amsgrad_reconstruction
.png>] [51 <./linear_AE_2d_adam_inference.png> <./linear_AE_2d_amsgrad_inferenc
e.png>]
<linear_AE_2d_adam_training_progress.png, id=691, 1011.78pt x 505.89pt>
File: linear_AE_2d_adam_training_progress.png Graphic file (type png)
<use linear_AE_2d_adam_training_progress.png>
Package pdftex.def Info: linear_AE_2d_adam_training_progress.png  used on input
 line 287.
(pdftex.def)             Requested size: 483.69687pt x 241.8518pt.
<linear_AE_2d_amsgrad_training_progress.png, id=692, 1011.78pt x 505.89pt>
File: linear_AE_2d_amsgrad_training_progress.png Graphic file (type png)
<use linear_AE_2d_amsgrad_training_progress.png>
Package pdftex.def Info: linear_AE_2d_amsgrad_training_progress.png  used on in
put line 295.
(pdftex.def)             Requested size: 483.69687pt x 241.8518pt.
<linear_AE_2d_adam_errors.png, id=695, 462.528pt x 346.896pt>
File: linear_AE_2d_adam_errors.png Graphic file (type png)
<use linear_AE_2d_adam_errors.png>
Package pdftex.def Info: linear_AE_2d_adam_errors.png  used on input line 307.
(pdftex.def)             Requested size: 237.01411pt x 191.1749pt.
<linear_AE_2d_amsgrad_errors.png, id=697, 462.528pt x 346.896pt>
File: linear_AE_2d_amsgrad_errors.png Graphic file (type png)
<use linear_AE_2d_amsgrad_errors.png>
Package pdftex.def Info: linear_AE_2d_amsgrad_errors.png  used on input line 31
0.
(pdftex.def)             Requested size: 237.01411pt x 191.1749pt.
<linear_AE_3d_adam_latent_1.png, id=701, 505.89pt x 361.35pt>
File: linear_AE_3d_adam_latent_1.png Graphic file (type png)
<use linear_AE_3d_adam_latent_1.png>
Package pdftex.def Info: linear_AE_3d_adam_latent_1.png  used on input line 322
.
(pdftex.def)             Requested size: 237.01411pt x 184.04317pt.
<linear_AE_3d_adam_latent_2.png, id=703, 505.89pt x 361.35pt>
File: linear_AE_3d_adam_latent_2.png Graphic file (type png)
<use linear_AE_3d_adam_latent_2.png>
Package pdftex.def Info: linear_AE_3d_adam_latent_2.png  used on input line 325
.
(pdftex.def)             Requested size: 237.01411pt x 184.04317pt.
<linear_AE_3d_amsgrad_latent_1.png, id=705, 505.89pt x 361.35pt>
File: linear_AE_3d_amsgrad_latent_1.png Graphic file (type png)
<use linear_AE_3d_amsgrad_latent_1.png>
Package pdftex.def Info: linear_AE_3d_amsgrad_latent_1.png  used on input line
334.
(pdftex.def)             Requested size: 237.01411pt x 184.04317pt.
<linear_AE_3d_amsgrad_latent_2.png, id=707, 505.89pt x 361.35pt>
File: linear_AE_3d_amsgrad_latent_2.png Graphic file (type png)
<use linear_AE_3d_amsgrad_latent_2.png>
Package pdftex.def Info: linear_AE_3d_amsgrad_latent_2.png  used on input line
337.
(pdftex.def)             Requested size: 237.01411pt x 184.04317pt.
 [52 <./linear_AE_2d_adam_training_progress.png>] [53 <./linear_AE_2d_amsgrad_t
raining_progress.png> <./linear_AE_2d_adam_errors.png> <./linear_AE_2d_amsgrad_
errors.png>] [54 <./linear_AE_3d_adam_latent_1.png> <./linear_AE_3d_adam_latent
_2.png> <./linear_AE_3d_amsgrad_latent_1.png> <./linear_AE_3d_amsgrad_latent_2.
png>]
<linear_AE_3d_adam_inference.png, id=742, 1011.78pt x 505.89pt>
File: linear_AE_3d_adam_inference.png Graphic file (type png)
<use linear_AE_3d_adam_inference.png>
Package pdftex.def Info: linear_AE_3d_adam_inference.png  used on input line 34
8.
(pdftex.def)             Requested size: 483.69687pt x 226.99101pt.
<linear_AE_3d_amsgrad_inference.png, id=744, 1011.78pt x 505.89pt>
File: linear_AE_3d_amsgrad_inference.png Graphic file (type png)
<use linear_AE_3d_amsgrad_inference.png>
Package pdftex.def Info: linear_AE_3d_amsgrad_inference.png  used on input line
 358.
(pdftex.def)             Requested size: 483.69687pt x 226.99101pt.
<linear_AE_3d_adam_training_progress.png, id=748, 1011.78pt x 505.89pt>
File: linear_AE_3d_adam_training_progress.png Graphic file (type png)
<use linear_AE_3d_adam_training_progress.png>
Package pdftex.def Info: linear_AE_3d_adam_training_progress.png  used on input
 line 368.
(pdftex.def)             Requested size: 483.69687pt x 241.8518pt.
<linear_AE_3d_amsgrad_training_progress.png, id=749, 1011.78pt x 505.89pt>
File: linear_AE_3d_amsgrad_training_progress.png Graphic file (type png)
<use linear_AE_3d_amsgrad_training_progress.png>
Package pdftex.def Info: linear_AE_3d_amsgrad_training_progress.png  used on in
put line 376.
(pdftex.def)             Requested size: 483.69687pt x 241.8518pt.
<linear_AE_3d_adam_errors.png, id=751, 462.528pt x 346.896pt>
File: linear_AE_3d_adam_errors.png Graphic file (type png)
<use linear_AE_3d_adam_errors.png>
Package pdftex.def Info: linear_AE_3d_adam_errors.png  used on input line 386.
(pdftex.def)             Requested size: 237.01411pt x 191.1749pt.
<linear_AE_3d_amsgrad_errors.png, id=753, 462.528pt x 346.896pt>
File: linear_AE_3d_amsgrad_errors.png Graphic file (type png)
<use linear_AE_3d_amsgrad_errors.png>
Package pdftex.def Info: linear_AE_3d_amsgrad_errors.png  used on input line 38
9.
(pdftex.def)             Requested size: 237.01411pt x 191.1749pt.
<linear_AE_64d_adam_inference.png, id=757, 1011.78pt x 505.89pt>
File: linear_AE_64d_adam_inference.png Graphic file (type png)
<use linear_AE_64d_adam_inference.png>
Package pdftex.def Info: linear_AE_64d_adam_inference.png  used on input line 4
01.
(pdftex.def)             Requested size: 483.69687pt x 226.99101pt.
<linear_AE_64d_amsgrad_inference.png, id=759, 1011.78pt x 505.89pt>
File: linear_AE_64d_amsgrad_inference.png Graphic file (type png)
<use linear_AE_64d_amsgrad_inference.png>
Package pdftex.def Info: linear_AE_64d_amsgrad_inference.png  used on input lin
e 411.
(pdftex.def)             Requested size: 483.69687pt x 226.99101pt.

Underfull \vbox (badness 1019) has occurred while \output is active []

 [55 <./linear_AE_3d_adam_inference.png>] [56 <./linear_AE_3d_adam_training_pro
gress.png> <./linear_AE_3d_amsgrad_inference.png>] [57 <./linear_AE_3d_amsgrad_
training_progress.png> <./linear_AE_3d_adam_errors.png> <./linear_AE_3d_amsgrad
_errors.png>] [58 <./linear_AE_64d_adam_inference.png> <./linear_AE_64d_amsgrad
_inference.png>]
<linear_AE_64d_adam_errors.png, id=801, 462.528pt x 346.896pt>
File: linear_AE_64d_adam_errors.png Graphic file (type png)
<use linear_AE_64d_adam_errors.png>
Package pdftex.def Info: linear_AE_64d_adam_errors.png  used on input line 423.

(pdftex.def)             Requested size: 237.01411pt x 191.1749pt.
<linear_AE_64d_amsgrad_errors.png, id=803, 462.528pt x 346.896pt>
File: linear_AE_64d_amsgrad_errors.png Graphic file (type png)
<use linear_AE_64d_amsgrad_errors.png>
Package pdftex.def Info: linear_AE_64d_amsgrad_errors.png  used on input line 4
26.
(pdftex.def)             Requested size: 237.01411pt x 191.1749pt.
 [59 <./linear_AE_64d_adam_errors.png> <./linear_AE_64d_amsgrad_errors.png>]
<convolutional_AE_latent_0.png, id=820, 1011.78pt x 505.89pt>
File: convolutional_AE_latent_0.png Graphic file (type png)
<use convolutional_AE_latent_0.png>
Package pdftex.def Info: convolutional_AE_latent_0.png  used on input line 488.

(pdftex.def)             Requested size: 483.69687pt x 241.8518pt.
<convolutional_AE_latent_1.png, id=821, 1011.78pt x 505.89pt>
File: convolutional_AE_latent_1.png Graphic file (type png)
<use convolutional_AE_latent_1.png>
Package pdftex.def Info: convolutional_AE_latent_1.png  used on input line 492.

(pdftex.def)             Requested size: 483.69687pt x 241.8518pt.
 [60] [61 <./convolutional_AE_latent_0.png> <./convolutional_AE_latent_1.png>]
<convolutional_AE_inference.png, id=841, 1011.78pt x 505.89pt>
File: convolutional_AE_inference.png Graphic file (type png)
<use convolutional_AE_inference.png>
Package pdftex.def Info: convolutional_AE_inference.png  used on input line 503
.
(pdftex.def)             Requested size: 483.69687pt x 226.99101pt.
<convolutional_AE_errors.png, id=845, 462.528pt x 346.896pt>
File: convolutional_AE_errors.png Graphic file (type png)
<use convolutional_AE_errors.png>
Package pdftex.def Info: convolutional_AE_errors.png  used on input line 512.
(pdftex.def)             Requested size: 237.01411pt x 177.76152pt.
<convolutional_AE_training_progress.png, id=850, 1011.78pt x 505.89pt>
File: convolutional_AE_training_progress.png Graphic file (type png)
<use convolutional_AE_training_progress.png>
Package pdftex.def Info: convolutional_AE_training_progress.png  used on input
line 521.
(pdftex.def)             Requested size: 483.69687pt x 241.8518pt.
) [62 <./convolutional_AE_inference.png>] [63 <./convolutional_AE_errors.png> <
./convolutional_AE_training_progress.png>]
\openout2 = `vae.aux'.

 (./vae.tex [64




]
Chapter 3.
[65] [66] [67] [68] [69] [70] [71] [72] [73] [74] [75]
Overfull \hbox (0.61382pt too wide) in paragraph at lines 362--364
\OT1/cmr/m/n/10.95 where each sam-ple $(\OML/cmm/m/it/10.95 x[]; y[]\OT1/cmr/m/
n/10.95 ) \OMS/cmsy/m/n/10.95 2 \OML/cmm/m/it/10.95 D$ \OT1/cmr/m/n/10.95 de-fi
nes own den-si-ties $\OML/cmm/m/it/10.95 q[]\OT1/cmr/m/n/10.95 (\OML/cmm/m/it/1
0.95 z\OMS/cmsy/m/n/10.95 j\OML/cmm/m/it/10.95 x[]\OT1/cmr/m/n/10.95 ) \OMS/cms
y/m/n/10.95 ^^X N\OT1/cmr/m/n/10.95 ([][]\OML/cmm/m/it/10.95 ; [][]\OT1/cmr/m/n
/10.95 )$ and $\OML/cmm/m/it/10.95 p\OT1/cmr/m/n/10.95 (\OML/cmm/m/it/10.95 z\O
MS/cmsy/m/n/10.95 j\OML/cmm/m/it/10.95 x[]\OT1/cmr/m/n/10.95 ) \OMS/cmsy/m/n/10
.95 ^^X N\OT1/cmr/m/n/10.95 ([][]\OML/cmm/m/it/10.95 ; [][]\OT1/cmr/m/n/10.95 )
$,
 []

<convolutional_VAE_snd_KL_4e-5_10k_epochs_2D_latent.png, id=996, 505.89pt x 361
.35pt>
File: convolutional_VAE_snd_KL_4e-5_10k_epochs_2D_latent.png Graphic file (type
 png)
<use convolutional_VAE_snd_KL_4e-5_10k_epochs_2D_latent.png>
Package pdftex.def Info: convolutional_VAE_snd_KL_4e-5_10k_epochs_2D_latent.png
  used on input line 396.
(pdftex.def)             Requested size: 237.01411pt x 173.72812pt.
<convolutional_VAE_snd_KL_4e-5_10k_epochs_2D_reconstruction.png, id=998, 505.89
pt x 361.35pt>
File: convolutional_VAE_snd_KL_4e-5_10k_epochs_2D_reconstruction.png Graphic fi
le (type png)
<use convolutional_VAE_snd_KL_4e-5_10k_epochs_2D_reconstruction.png>
Package pdftex.def Info: convolutional_VAE_snd_KL_4e-5_10k_epochs_2D_reconstruc
tion.png  used on input line 399.
(pdftex.def)             Requested size: 237.01411pt x 179.6069pt.
[76]
<convolutional_VAE_snd_KL_4e-5_10k_epochs_2D_inference.png, id=1008, 1011.78pt
x 505.89pt>
File: convolutional_VAE_snd_KL_4e-5_10k_epochs_2D_inference.png Graphic file (t
ype png)
<use convolutional_VAE_snd_KL_4e-5_10k_epochs_2D_inference.png>
Package pdftex.def Info: convolutional_VAE_snd_KL_4e-5_10k_epochs_2D_inference.
png  used on input line 409.
(pdftex.def)             Requested size: 483.69687pt x 226.99101pt.
<convolutional_VAE_snd_KL_4e-5_10k_epochs_2D_training_progress.png, id=1012, 10
11.78pt x 505.89pt>
File: convolutional_VAE_snd_KL_4e-5_10k_epochs_2D_training_progress.png Graphic
 file (type png)
<use convolutional_VAE_snd_KL_4e-5_10k_epochs_2D_training_progress.png>
Package pdftex.def Info: convolutional_VAE_snd_KL_4e-5_10k_epochs_2D_training_p
rogress.png  used on input line 419.
(pdftex.def)             Requested size: 483.69687pt x 241.8518pt.
<convolutional_VAE_snd_KL_4e-5_10k_epochs_2D_errors.png, id=1015, 462.528pt x 3
46.896pt>
File: convolutional_VAE_snd_KL_4e-5_10k_epochs_2D_errors.png Graphic file (type
 png)
<use convolutional_VAE_snd_KL_4e-5_10k_epochs_2D_errors.png>
Package pdftex.def Info: convolutional_VAE_snd_KL_4e-5_10k_epochs_2D_errors.png
  used on input line 430.
(pdftex.def)             Requested size: 237.01411pt x 177.76152pt.
 [77] [78 <./convolutional_VAE_snd_KL_4e-5_10k_epochs_2D_latent.png> <./convolu
tional_VAE_snd_KL_4e-5_10k_epochs_2D_reconstruction.png> <./convolutional_VAE_s
nd_KL_4e-5_10k_epochs_2D_inference.png>] [79 <./convolutional_VAE_snd_KL_4e-5_1
0k_epochs_2D_training_progress.png> <./convolutional_VAE_snd_KL_4e-5_10k_epochs
_2D_errors.png>]
<convolutional_VAE_snd_KL_4e-5_10k_epochs_3D_latent_1.png, id=1044, 505.89pt x
361.35pt>
File: convolutional_VAE_snd_KL_4e-5_10k_epochs_3D_latent_1.png Graphic file (ty
pe png)
<use convolutional_VAE_snd_KL_4e-5_10k_epochs_3D_latent_1.png>
Package pdftex.def Info: convolutional_VAE_snd_KL_4e-5_10k_epochs_3D_latent_1.p
ng  used on input line 443.
(pdftex.def)             Requested size: 237.01411pt x 184.04317pt.
<convolutional_VAE_snd_KL_4e-5_10k_epochs_3D_latent_2.png, id=1046, 505.89pt x
361.35pt>
File: convolutional_VAE_snd_KL_4e-5_10k_epochs_3D_latent_2.png Graphic file (ty
pe png)
<use convolutional_VAE_snd_KL_4e-5_10k_epochs_3D_latent_2.png>
Package pdftex.def Info: convolutional_VAE_snd_KL_4e-5_10k_epochs_3D_latent_2.p
ng  used on input line 446.
(pdftex.def)             Requested size: 237.01411pt x 184.04317pt.
<convolutional_VAE_snd_KL_4e-5_10k_epochs_3D_inference.png, id=1048, 1011.78pt
x 505.89pt>
File: convolutional_VAE_snd_KL_4e-5_10k_epochs_3D_inference.png Graphic file (t
ype png)
<use convolutional_VAE_snd_KL_4e-5_10k_epochs_3D_inference.png>
Package pdftex.def Info: convolutional_VAE_snd_KL_4e-5_10k_epochs_3D_inference.
png  used on input line 455.
(pdftex.def)             Requested size: 483.69687pt x 226.99101pt.
<convolutional_VAE_snd_KL_4e-5_10k_epochs_3D_errors.png, id=1052, 462.528pt x 3
46.896pt>
File: convolutional_VAE_snd_KL_4e-5_10k_epochs_3D_errors.png Graphic file (type
 png)
<use convolutional_VAE_snd_KL_4e-5_10k_epochs_3D_errors.png>
Package pdftex.def Info: convolutional_VAE_snd_KL_4e-5_10k_epochs_3D_errors.png
  used on input line 467.
(pdftex.def)             Requested size: 237.01411pt x 177.76152pt.
<convolutional_VAE_snd_KL_4e-5_10k_epochs_64D_inference.png, id=1055, 1011.78pt
 x 505.89pt>
File: convolutional_VAE_snd_KL_4e-5_10k_epochs_64D_inference.png Graphic file (
type png)
<use convolutional_VAE_snd_KL_4e-5_10k_epochs_64D_inference.png>
Package pdftex.def Info: convolutional_VAE_snd_KL_4e-5_10k_epochs_64D_inference
.png  used on input line 477.
(pdftex.def)             Requested size: 483.69687pt x 226.99101pt.
<convolutional_VAE_snd_KL_4e-5_10k_epochs_64D_errors.png, id=1060, 462.528pt x
346.896pt>
File: convolutional_VAE_snd_KL_4e-5_10k_epochs_64D_errors.png Graphic file (typ
e png)
<use convolutional_VAE_snd_KL_4e-5_10k_epochs_64D_errors.png>
Package pdftex.def Info: convolutional_VAE_snd_KL_4e-5_10k_epochs_64D_errors.pn
g  used on input line 487.
(pdftex.def)             Requested size: 237.01411pt x 177.76152pt.
<convolutional_VAE_snd_KL_4e-5_10k_epochs_64D_generated.png, id=1061, 505.89pt
x 361.35pt>
File: convolutional_VAE_snd_KL_4e-5_10k_epochs_64D_generated.png Graphic file (
type png)
<use convolutional_VAE_snd_KL_4e-5_10k_epochs_64D_generated.png>
Package pdftex.def Info: convolutional_VAE_snd_KL_4e-5_10k_epochs_64D_generated
.png  used on input line 496.
(pdftex.def)             Requested size: 237.01411pt x 171.58873pt.
<convolutional_AE_generated.png, id=1063, 505.89pt x 361.35pt>
File: convolutional_AE_generated.png Graphic file (type png)
<use convolutional_AE_generated.png>
Package pdftex.def Info: convolutional_AE_generated.png  used on input line 499
.
(pdftex.def)             Requested size: 237.01411pt x 171.58873pt.
<convolutional_VAE_snd_KL_4e-5_10k_epochs_64D_generated_optimal.png, id=1066, 5
05.89pt x 361.35pt>
File: convolutional_VAE_snd_KL_4e-5_10k_epochs_64D_generated_optimal.png Graphi
c file (type png)
<use convolutional_VAE_snd_KL_4e-5_10k_epochs_64D_generated_optimal.png>
Package pdftex.def Info: convolutional_VAE_snd_KL_4e-5_10k_epochs_64D_generated
_optimal.png  used on input line 512.
(pdftex.def)             Requested size: 290.22107pt x 210.11804pt.
 [80 <./convolutional_VAE_snd_KL_4e-5_10k_epochs_3D_latent_1.png> <./convolutio
nal_VAE_snd_KL_4e-5_10k_epochs_3D_latent_2.png>] [81 <./convolutional_VAE_snd_K
L_4e-5_10k_epochs_3D_errors.png> <./convolutional_VAE_snd_KL_4e-5_10k_epochs_3D
_inference.png>] [82 <./convolutional_VAE_snd_KL_4e-5_10k_epochs_64D_errors.png
> <./convolutional_VAE_snd_KL_4e-5_10k_epochs_64D_inference.png>] [83 <./convol
utional_VAE_snd_KL_4e-5_10k_epochs_64D_generated.png> <./convolutional_AE_gener
ated.png> <./convolutional_VAE_snd_KL_4e-5_10k_epochs_64D_generated_optimal.png
>]
<convolutional_VAE_snd_KL_4e-4_5k_epochs_3D_latent_1.png, id=1108, 505.89pt x 3
61.35pt>
File: convolutional_VAE_snd_KL_4e-4_5k_epochs_3D_latent_1.png Graphic file (typ
e png)
<use convolutional_VAE_snd_KL_4e-4_5k_epochs_3D_latent_1.png>
Package pdftex.def Info: convolutional_VAE_snd_KL_4e-4_5k_epochs_3D_latent_1.pn
g  used on input line 524.
(pdftex.def)             Requested size: 237.01411pt x 184.04317pt.
<convolutional_VAE_snd_KL_4e-4_5k_epochs_3D_latent_2.png, id=1110, 505.89pt x 3
61.35pt>
File: convolutional_VAE_snd_KL_4e-4_5k_epochs_3D_latent_2.png Graphic file (typ
e png)
<use convolutional_VAE_snd_KL_4e-4_5k_epochs_3D_latent_2.png>
Package pdftex.def Info: convolutional_VAE_snd_KL_4e-4_5k_epochs_3D_latent_2.pn
g  used on input line 527.
(pdftex.def)             Requested size: 237.01411pt x 184.04317pt.
<convolutional_VAE_snd_KL_4e-4_5k_epochs_3D_inference.png, id=1114, 1011.78pt x
 505.89pt>
File: convolutional_VAE_snd_KL_4e-4_5k_epochs_3D_inference.png Graphic file (ty
pe png)
<use convolutional_VAE_snd_KL_4e-4_5k_epochs_3D_inference.png>
Package pdftex.def Info: convolutional_VAE_snd_KL_4e-4_5k_epochs_3D_inference.p
ng  used on input line 540.
(pdftex.def)             Requested size: 483.69687pt x 226.99101pt.
<convolutional_VAE_snd_KL_4e-4_5k_epochs_3D_errors.png, id=1116, 462.528pt x 34
6.896pt>
File: convolutional_VAE_snd_KL_4e-4_5k_epochs_3D_errors.png Graphic file (type
png)
<use convolutional_VAE_snd_KL_4e-4_5k_epochs_3D_errors.png>
Package pdftex.def Info: convolutional_VAE_snd_KL_4e-4_5k_epochs_3D_errors.png
 used on input line 548.
(pdftex.def)             Requested size: 237.01411pt x 177.76152pt.
<convolutional_VAE_snd_KL_4e-2_10k_epochs_3D_latent_1.png, id=1120, 505.89pt x
361.35pt>
File: convolutional_VAE_snd_KL_4e-2_10k_epochs_3D_latent_1.png Graphic file (ty
pe png)
<use convolutional_VAE_snd_KL_4e-2_10k_epochs_3D_latent_1.png>
Package pdftex.def Info: convolutional_VAE_snd_KL_4e-2_10k_epochs_3D_latent_1.p
ng  used on input line 559.
(pdftex.def)             Requested size: 237.01411pt x 184.04317pt.
<convolutional_VAE_snd_KL_4e-2_10k_epochs_3D_latent_2.png, id=1122, 505.89pt x
361.35pt>
File: convolutional_VAE_snd_KL_4e-2_10k_epochs_3D_latent_2.png Graphic file (ty
pe png)
<use convolutional_VAE_snd_KL_4e-2_10k_epochs_3D_latent_2.png>
Package pdftex.def Info: convolutional_VAE_snd_KL_4e-2_10k_epochs_3D_latent_2.p
ng  used on input line 562.
(pdftex.def)             Requested size: 237.01411pt x 184.04317pt.
<convolutional_VAE_snd_KL_4e-2_10k_epochs_3D_inference.png, id=1124, 1011.78pt
x 505.89pt>
File: convolutional_VAE_snd_KL_4e-2_10k_epochs_3D_inference.png Graphic file (t
ype png)
<use convolutional_VAE_snd_KL_4e-2_10k_epochs_3D_inference.png>
Package pdftex.def Info: convolutional_VAE_snd_KL_4e-2_10k_epochs_3D_inference.
png  used on input line 571.
(pdftex.def)             Requested size: 483.69687pt x 226.99101pt.
<convolutional_VAE_snd_KL_4e-2_10k_epochs_3D_errors.png, id=1126, 462.528pt x 3
46.896pt>
File: convolutional_VAE_snd_KL_4e-2_10k_epochs_3D_errors.png Graphic file (type
 png)
<use convolutional_VAE_snd_KL_4e-2_10k_epochs_3D_errors.png>
Package pdftex.def Info: convolutional_VAE_snd_KL_4e-2_10k_epochs_3D_errors.png
  used on input line 579.
(pdftex.def)             Requested size: 237.01411pt x 177.76152pt.
<convolutional_VAE_snd_KL_4e-2_10k_epochs_10D_inference.png, id=1129, 1011.78pt
 x 505.89pt>
File: convolutional_VAE_snd_KL_4e-2_10k_epochs_10D_inference.png Graphic file (
type png)
<use convolutional_VAE_snd_KL_4e-2_10k_epochs_10D_inference.png>
Package pdftex.def Info: convolutional_VAE_snd_KL_4e-2_10k_epochs_10D_inference
.png  used on input line 589.
(pdftex.def)             Requested size: 483.69687pt x 226.99101pt.
<convolutional_VAE_snd_KL_4e-2_10k_epochs_10D_errors.png, id=1131, 462.528pt x
346.896pt>
File: convolutional_VAE_snd_KL_4e-2_10k_epochs_10D_errors.png Graphic file (typ
e png)
<use convolutional_VAE_snd_KL_4e-2_10k_epochs_10D_errors.png>
Package pdftex.def Info: convolutional_VAE_snd_KL_4e-2_10k_epochs_10D_errors.pn
g  used on input line 597.
(pdftex.def)             Requested size: 237.01411pt x 177.76152pt.
<convolutional_VAE_snd_KL_4e-2_10k_epochs_64D_inference.png, id=1134, 1011.78pt
 x 505.89pt>
File: convolutional_VAE_snd_KL_4e-2_10k_epochs_64D_inference.png Graphic file (
type png)
<use convolutional_VAE_snd_KL_4e-2_10k_epochs_64D_inference.png>
Package pdftex.def Info: convolutional_VAE_snd_KL_4e-2_10k_epochs_64D_inference
.png  used on input line 607.
(pdftex.def)             Requested size: 483.69687pt x 226.99101pt.
<convolutional_VAE_snd_KL_4e-2_10k_epochs_64D_errors.png, id=1136, 462.528pt x
346.896pt>
File: convolutional_VAE_snd_KL_4e-2_10k_epochs_64D_errors.png Graphic file (typ
e png)
<use convolutional_VAE_snd_KL_4e-2_10k_epochs_64D_errors.png>
Package pdftex.def Info: convolutional_VAE_snd_KL_4e-2_10k_epochs_64D_errors.pn
g  used on input line 614.
(pdftex.def)             Requested size: 237.01411pt x 177.76152pt.
 [84 <./convolutional_VAE_snd_KL_4e-4_5k_epochs_3D_latent_1.png> <./convolution
al_VAE_snd_KL_4e-4_5k_epochs_3D_latent_2.png>] [85 <./convolutional_VAE_snd_KL_
4e-4_5k_epochs_3D_errors.png> <./convolutional_VAE_snd_KL_4e-4_5k_epochs_3D_inf
erence.png>] [86 <./convolutional_VAE_snd_KL_4e-2_10k_epochs_3D_latent_1.png> <
./convolutional_VAE_snd_KL_4e-2_10k_epochs_3D_latent_2.png> <./convolutional_VA
E_snd_KL_4e-2_10k_epochs_3D_inference.png>] [87 <./convolutional_VAE_snd_KL_4e-
2_10k_epochs_3D_errors.png> <./convolutional_VAE_snd_KL_4e-2_10k_epochs_10D_inf
erence.png>] [88 <./convolutional_VAE_snd_KL_4e-2_10k_epochs_10D_errors.png> <.
/convolutional_VAE_snd_KL_4e-2_10k_epochs_64D_inference.png>]
<convolutional_VAE_new_idea_KL_4e-2_10k_epochs_3D_latent_1.png, id=1188, 505.89
pt x 361.35pt>
File: convolutional_VAE_new_idea_KL_4e-2_10k_epochs_3D_latent_1.png Graphic fil
e (type png)
<use convolutional_VAE_new_idea_KL_4e-2_10k_epochs_3D_latent_1.png>
Package pdftex.def Info: convolutional_VAE_new_idea_KL_4e-2_10k_epochs_3D_laten
t_1.png  used on input line 625.
(pdftex.def)             Requested size: 237.01411pt x 184.04317pt.
<convolutional_VAE_new_idea_KL_4e-2_10k_epochs_3D_latent_2.png, id=1190, 505.89
pt x 361.35pt>
File: convolutional_VAE_new_idea_KL_4e-2_10k_epochs_3D_latent_2.png Graphic fil
e (type png)
<use convolutional_VAE_new_idea_KL_4e-2_10k_epochs_3D_latent_2.png>
Package pdftex.def Info: convolutional_VAE_new_idea_KL_4e-2_10k_epochs_3D_laten
t_2.png  used on input line 628.
(pdftex.def)             Requested size: 237.01411pt x 184.04317pt.
<convolutional_VAE_new_idea_KL_4e-2_10k_epochs_3D_inference.png, id=1194, 1011.
78pt x 505.89pt>
File: convolutional_VAE_new_idea_KL_4e-2_10k_epochs_3D_inference.png Graphic fi
le (type png)
<use convolutional_VAE_new_idea_KL_4e-2_10k_epochs_3D_inference.png>
Package pdftex.def Info: convolutional_VAE_new_idea_KL_4e-2_10k_epochs_3D_infer
ence.png  used on input line 639.
(pdftex.def)             Requested size: 483.69687pt x 226.99101pt.
<convolutional_VAE_new_idea_KL_4e-2_10k_epochs_3D_errors.png, id=1196, 462.528p
t x 346.896pt>
File: convolutional_VAE_new_idea_KL_4e-2_10k_epochs_3D_errors.png Graphic file
(type png)
<use convolutional_VAE_new_idea_KL_4e-2_10k_epochs_3D_errors.png>
Package pdftex.def Info: convolutional_VAE_new_idea_KL_4e-2_10k_epochs_3D_error
s.png  used on input line 647.
(pdftex.def)             Requested size: 237.01411pt x 177.76152pt.
<convolutional_VAE_new_idea_KL_4e-2_10k_epochs_10D_inference.png, id=1202, 1011
.78pt x 505.89pt>
File: convolutional_VAE_new_idea_KL_4e-2_10k_epochs_10D_inference.png Graphic f
ile (type png)
<use convolutional_VAE_new_idea_KL_4e-2_10k_epochs_10D_inference.png>
Package pdftex.def Info: convolutional_VAE_new_idea_KL_4e-2_10k_epochs_10D_infe
rence.png  used on input line 657.
(pdftex.def)             Requested size: 483.69687pt x 226.99101pt.
<convolutional_VAE_new_idea_KL_4e-2_10k_epochs_10D_errors.png, id=1204, 462.528
pt x 346.896pt>
File: convolutional_VAE_new_idea_KL_4e-2_10k_epochs_10D_errors.png Graphic file
 (type png)
<use convolutional_VAE_new_idea_KL_4e-2_10k_epochs_10D_errors.png>
Package pdftex.def Info: convolutional_VAE_new_idea_KL_4e-2_10k_epochs_10D_erro
rs.png  used on input line 665.
(pdftex.def)             Requested size: 237.01411pt x 177.76152pt.
<convolutional_VAE_new_idea_KL_4e-2_10k_epochs_64D_inference.png, id=1209, 1011
.78pt x 505.89pt>
File: convolutional_VAE_new_idea_KL_4e-2_10k_epochs_64D_inference.png Graphic f
ile (type png)
<use convolutional_VAE_new_idea_KL_4e-2_10k_epochs_64D_inference.png>
Package pdftex.def Info: convolutional_VAE_new_idea_KL_4e-2_10k_epochs_64D_infe
rence.png  used on input line 676.
(pdftex.def)             Requested size: 483.69687pt x 226.99101pt.
<convolutional_VAE_new_idea_KL_4e-2_10k_epochs_64D_errors.png, id=1211, 462.528
pt x 346.896pt>
File: convolutional_VAE_new_idea_KL_4e-2_10k_epochs_64D_errors.png Graphic file
 (type png)
<use convolutional_VAE_new_idea_KL_4e-2_10k_epochs_64D_errors.png>
Package pdftex.def Info: convolutional_VAE_new_idea_KL_4e-2_10k_epochs_64D_erro
rs.png  used on input line 684.
(pdftex.def)             Requested size: 237.01411pt x 177.76152pt.
<convolutional_VAE_new_idea_KL_4e-2_10k_epochs_64D_generated_optimal.png, id=12
13, 505.89pt x 361.35pt>
File: convolutional_VAE_new_idea_KL_4e-2_10k_epochs_64D_generated_optimal.png G
raphic file (type png)
<use convolutional_VAE_new_idea_KL_4e-2_10k_epochs_64D_generated_optimal.png>
Package pdftex.def Info: convolutional_VAE_new_idea_KL_4e-2_10k_epochs_64D_gene
rated_optimal.png  used on input line 695.
(pdftex.def)             Requested size: 290.22107pt x 210.11804pt.
) [89 <./convolutional_VAE_snd_KL_4e-2_10k_epochs_64D_errors.png>] [90 <./convo
lutional_VAE_new_idea_KL_4e-2_10k_epochs_3D_latent_1.png> <./convolutional_VAE_
new_idea_KL_4e-2_10k_epochs_3D_latent_2.png> <./convolutional_VAE_new_idea_KL_4
e-2_10k_epochs_3D_inference.png>] [91 <./convolutional_VAE_new_idea_KL_4e-2_10k
_epochs_3D_errors.png> <./convolutional_VAE_new_idea_KL_4e-2_10k_epochs_10D_inf
erence.png>] [92 <./convolutional_VAE_new_idea_KL_4e-2_10k_epochs_10D_errors.pn
g> <./convolutional_VAE_new_idea_KL_4e-2_10k_epochs_64D_inference.png>]
[93 <./convolutional_VAE_new_idea_KL_4e-2_10k_epochs_64D_errors.png> <./convolu
tional_VAE_new_idea_KL_4e-2_10k_epochs_64D_generated_optimal.png>] (./main.bbl
[94



] [95]) [96] [97]
Underfull \vbox (badness 10000) has occurred while \output is active []

 [98]
[99] (./main.aux (./preliminary.aux) (./autoencoders.aux) (./vae.aux))
Package rerunfilecheck Info: File `main.out' has not changed.
(rerunfilecheck)             Checksum: 202E57B2A8212EFF119DE334DDD5A125;2498.
 )
Here is how much of TeX's memory you used:
 33537 strings out of 476025
 728947 string characters out of 5790017
 1888388 words of memory out of 5000000
 53086 multiletter control sequences out of 15000+600000
 527270 words of font info for 87 fonts, out of 8000000 for 9000
 1141 hyphenation exceptions out of 8191
 108i,20n,115p,2193b,1164s stack positions out of 10000i,1000n,20000p,200000b,200000s
</usr/local/texlive/2023/texmf-dist/fonts/type1/public/bbold-type1/bbold10.pf
b></usr/local/texlive/2023/texmf-dist/fonts/type1/public/bbold-type1/bbold7.pfb
></usr/local/texlive/2023/texmf-dist/fonts/type1/public/amsfonts/cm/cmbx10.pfb>
</usr/local/texlive/2023/texmf-dist/fonts/type1/public/amsfonts/cm/cmbx12.pfb><
/usr/local/texlive/2023/texmf-dist/fonts/type1/public/amsfonts/cm/cmbx9.pfb></u
sr/local/texlive/2023/texmf-dist/fonts/type1/public/amsfonts/cm/cmbxti10.pfb></
usr/local/texlive/2023/texmf-dist/fonts/type1/public/amsfonts/cm/cmcsc10.pfb></
usr/local/texlive/2023/texmf-dist/fonts/type1/public/amsfonts/cm/cmex10.pfb></u
sr/local/texlive/2023/texmf-dist/fonts/type1/public/amsfonts/cmextra/cmex8.pfb>
</usr/local/texlive/2023/texmf-dist/fonts/type1/public/amsfonts/cm/cmmi10.pfb><
/usr/local/texlive/2023/texmf-dist/fonts/type1/public/amsfonts/cm/cmmi6.pfb></u
sr/local/texlive/2023/texmf-dist/fonts/type1/public/amsfonts/cm/cmmi8.pfb></usr
/local/texlive/2023/texmf-dist/fonts/type1/public/amsfonts/cm/cmmi9.pfb></usr/l
ocal/texlive/2023/texmf-dist/fonts/type1/public/amsfonts/cm/cmr10.pfb></usr/loc
al/texlive/2023/texmf-dist/fonts/type1/public/amsfonts/cm/cmr12.pfb></usr/local
/texlive/2023/texmf-dist/fonts/type1/public/amsfonts/cm/cmr17.pfb></usr/local/t
exlive/2023/texmf-dist/fonts/type1/public/amsfonts/cm/cmr6.pfb></usr/local/texl
ive/2023/texmf-dist/fonts/type1/public/amsfonts/cm/cmr8.pfb></usr/local/texlive
/2023/texmf-dist/fonts/type1/public/amsfonts/cm/cmr9.pfb></usr/local/texlive/20
23/texmf-dist/fonts/type1/public/amsfonts/cm/cmsl10.pfb></usr/local/texlive/202
3/texmf-dist/fonts/type1/public/amsfonts/cm/cmss8.pfb></usr/local/texlive/2023/
texmf-dist/fonts/type1/public/amsfonts/cm/cmsy10.pfb></usr/local/texlive/2023/t
exmf-dist/fonts/type1/public/amsfonts/cm/cmsy6.pfb></usr/local/texlive/2023/tex
mf-dist/fonts/type1/public/amsfonts/cm/cmsy8.pfb></usr/local/texlive/2023/texmf
-dist/fonts/type1/public/amsfonts/cm/cmsy9.pfb></usr/local/texlive/2023/texmf-d
ist/fonts/type1/public/amsfonts/cm/cmti10.pfb></usr/local/texlive/2023/texmf-di
st/fonts/type1/public/amsfonts/cm/cmti8.pfb>
Output written on main.pdf (99 pages, 8388001 bytes).
PDF statistics:
 1481 PDF objects out of 1728 (max. 8388607)
 1136 compressed objects within 12 object streams
 356 named destinations out of 1000 (max. 500000)
 751 words of extra memory for PDF output out of 10000 (max. 10000000)
